<?xml version="1.0" encoding="UTF-8"?>
<!-- Generated by org.testng.reporters.JUnitXMLReporter -->
<testsuite ignored="0" hostname="LAPTOP-D1O2GJ92" failures="1" tests="1" name="Test" time="9.116" errors="0" timestamp="28 Apr 2020 07:29:46 GMT">
  <testcase classname="Destiny.testCases.HomePage" name="ValidationHomePage" time="0.261">
    <failure type="java.lang.AssertionError" message="expected [false] but found [true]">
      <![CDATA[java.lang.AssertionError: expected [false] but found [true]
at Destiny.testCases.HomePage.ValidationHomePage(HomePage.java:43)
... Removed 33 stack frames]]>
    </failure>
  </testcase> <!-- ValidationHomePage -->
</testsuite> <!-- Test -->
